<?xml version="1.0" encoding="UTF-8" ?>
<testsuite tests="4" failures="0" name="com.cucumber.StepDefinitions.RunCukeTest" time="0.064" errors="2" skipped="2">
  <properties>
[...]
</properties>
  <testcase classname="Scenario: login without username and password" name="Given user is on github homepage" time="0.016">
    <error message="Cannot find firefox binary in PATH. Make sure firefox is installed. OS appears to be: VISTA
Build info: version: &apos;2.45.0&apos;, revision: &apos;5017cb8e7ca8e37638dc3091b2440b90a1d8686f&apos;, time: &apos;2015-02-27 09:10:26&apos;
System info: host: &apos;Dan-PC&apos;, ip: &apos;169.254.136.235&apos;, os.name: &apos;Windows 7&apos;, os.arch: &apos;amd64&apos;, os.version: &apos;6.1&apos;, java.version: &apos;1.8.0_65&apos;
Driver info: driver.version: FirefoxDriver" type="org.openqa.selenium.WebDriverException">org.openqa.selenium.WebDriverException: Cannot find firefox binary in PATH. Make sure firefox is installed. OS appears to be: VISTA
Build info: version: &apos;2.45.0&apos;, revision: &apos;5017cb8e7ca8e37638dc3091b2440b90a1d8686f&apos;, time: &apos;2015-02-27 09:10:26&apos;
System info: host: &apos;Dan-PC&apos;, ip: &apos;169.254.136.235&apos;, os.name: &apos;Windows 7&apos;, os.arch: &apos;amd64&apos;, os.version: &apos;6.1&apos;, java.version: &apos;1.8.0_65&apos;
Driver info: driver.version: FirefoxDriver
	at org.openqa.selenium.firefox.internal.Executable.&lt;init&gt;(Executable.java:72)
	at org.openqa.selenium.firefox.FirefoxBinary.&lt;init&gt;(FirefoxBinary.java:59)
	at org.openqa.selenium.firefox.FirefoxBinary.&lt;init&gt;(FirefoxBinary.java:55)
	at org.openqa.selenium.firefox.FirefoxDriver.&lt;init&gt;(FirefoxDriver.java:95)
	at com.cucumber.Selenium.SeleniumFunctions.createDriver(SeleniumFunctions.java:21)
	at com.cucumber.StepDefinitions.GithubLoginSD.user_is_on_github_homepage(GithubLoginSD.java:16)
	at ✽.Given user is on github homepage(com/cucumber/StepDefinitions/github_login.feature:4)
</error>
  </testcase>
  <testcase classname="Scenario: login without username and password" name="Scenario: login without username and password" time="0.016">
    <error message="Cannot find firefox binary in PATH. Make sure firefox is installed. OS appears to be: VISTA
Build info: version: &apos;2.45.0&apos;, revision: &apos;5017cb8e7ca8e37638dc3091b2440b90a1d8686f&apos;, time: &apos;2015-02-27 09:10:26&apos;
System info: host: &apos;Dan-PC&apos;, ip: &apos;169.254.136.235&apos;, os.name: &apos;Windows 7&apos;, os.arch: &apos;amd64&apos;, os.version: &apos;6.1&apos;, java.version: &apos;1.8.0_65&apos;
Driver info: driver.version: FirefoxDriver" type="org.openqa.selenium.WebDriverException">org.openqa.selenium.WebDriverException: Cannot find firefox binary in PATH. Make sure firefox is installed. OS appears to be: VISTA
Build info: version: &apos;2.45.0&apos;, revision: &apos;5017cb8e7ca8e37638dc3091b2440b90a1d8686f&apos;, time: &apos;2015-02-27 09:10:26&apos;
System info: host: &apos;Dan-PC&apos;, ip: &apos;169.254.136.235&apos;, os.name: &apos;Windows 7&apos;, os.arch: &apos;amd64&apos;, os.version: &apos;6.1&apos;, java.version: &apos;1.8.0_65&apos;
Driver info: driver.version: FirefoxDriver
	at org.openqa.selenium.firefox.internal.Executable.&lt;init&gt;(Executable.java:72)
	at org.openqa.selenium.firefox.FirefoxBinary.&lt;init&gt;(FirefoxBinary.java:59)
	at org.openqa.selenium.firefox.FirefoxBinary.&lt;init&gt;(FirefoxBinary.java:55)
	at org.openqa.selenium.firefox.FirefoxDriver.&lt;init&gt;(FirefoxDriver.java:95)
	at com.cucumber.Selenium.SeleniumFunctions.createDriver(SeleniumFunctions.java:21)
	at com.cucumber.StepDefinitions.GithubLoginSD.user_is_on_github_homepage(GithubLoginSD.java:16)
	at ✽.Given user is on github homepage(com/cucumber/StepDefinitions/github_login.feature:4)
</error>
  </testcase>
  <testcase classname="Scenario: login without username and password" name="When user clicks on Sign in button" time="0.016">
    <skipped/>
  </testcase>
  <testcase classname="Scenario: login without username and password" name="Then user is displayed login screen" time="0.016">
    <skipped/>
  </testcase>
</testsuite>